0 info it worked if it ends with ok
1 verbose cli [ '/usr/local/Cellar/node/7.3.0/bin/node',
1 verbose cli   '/usr/local/bin/npm',
1 verbose cli   'install',
1 verbose cli   'babel-core',
1 verbose cli   'babel-loader',
1 verbose cli   'babel-preset-react',
1 verbose cli   'babel-preset-es2015',
1 verbose cli   'react',
1 verbose cli   'react-dom',
1 verbose cli   'jquery',
1 verbose cli   'pg',
1 verbose cli   'pg-hstore',
1 verbose cli   'path',
1 verbose cli   'body-parser',
1 verbose cli   'express',
1 verbose cli   'express-router',
1 verbose cli   'react',
1 verbose cli   'sass',
1 verbose cli   'node-sass',
1 verbose cli   'sass-loader',
1 verbose cli   'react-router-dom',
1 verbose cli   'redux',
1 verbose cli   'react-redux',
1 verbose cli   'sequelize',
1 verbose cli   'style-loader',
1 verbose cli   'css-loader',
1 verbose cli   'nodemon',
1 verbose cli   'react-thunk',
1 verbose cli   'react-redux',
1 verbose cli   '--save' ]
2 info using npm@3.10.10
3 info using node@v7.3.0
4 silly loadCurrentTree Starting
5 silly install loadCurrentTree
6 silly install readLocalPackageData
7 silly rollbackFailedOptional Starting
8 silly rollbackFailedOptional Finishing
9 silly runTopLevelLifecycles Finishing
10 silly install printInstalled
11 verbose stack Error: Failed to parse json
11 verbose stack Unexpected token '/' at 7:5
11 verbose stack     // "start": "webpack --watch & nodemon ./backend/server.js"
11 verbose stack     ^
11 verbose stack     at parseError (/usr/local/lib/node_modules/npm/node_modules/read-package-json/read-json.js:390:11)
11 verbose stack     at parseJson (/usr/local/lib/node_modules/npm/node_modules/read-package-json/read-json.js:79:23)
11 verbose stack     at /usr/local/lib/node_modules/npm/node_modules/read-package-json/read-json.js:48:5
11 verbose stack     at /usr/local/lib/node_modules/npm/node_modules/graceful-fs/graceful-fs.js:78:16
11 verbose stack     at tryToString (fs.js:425:3)
11 verbose stack     at FSReqWrap.readFileAfterClose [as oncomplete] (fs.js:412:12)
12 verbose cwd /Users/bryanbethea/Desktop/karmapoint
13 error Darwin 14.5.0
14 error argv "/usr/local/Cellar/node/7.3.0/bin/node" "/usr/local/bin/npm" "install" "babel-core" "babel-loader" "babel-preset-react" "babel-preset-es2015" "react" "react-dom" "jquery" "pg" "pg-hstore" "path" "body-parser" "express" "express-router" "react" "sass" "node-sass" "sass-loader" "react-router-dom" "redux" "react-redux" "sequelize" "style-loader" "css-loader" "nodemon" "react-thunk" "react-redux" "--save"
15 error node v7.3.0
16 error npm  v3.10.10
17 error file /Users/bryanbethea/Desktop/karmapoint/package.json
18 error code EJSONPARSE
19 error Failed to parse json
19 error Unexpected token '/' at 7:5
19 error     // "start": "webpack --watch & nodemon ./backend/server.js"
19 error     ^
20 error File: /Users/bryanbethea/Desktop/karmapoint/package.json
21 error Failed to parse package.json data.
21 error package.json must be actual JSON, not just JavaScript.
21 error
21 error This is not a bug in npm.
21 error Tell the package author to fix their package.json file. JSON.parse
22 verbose exit [ 1, true ]
